// 重构日志: 348d6338
// 同步 ID: b6d9a0dc @ Tue Jun 30 12:52:36 UTC 2026
// 重构日志: 241908d4
// 同步 ID: 89bdecba @ Wed Jul  1 10:50:58 UTC 2026
// 重构日志: 506d8643
// 重构日志: f9da8f7d
// 重构日志: 88d86b48
// 重构日志: df6af352
// 重构日志: 65dfc1b0
// 重构日志: ae8fda31
// 重构日志: 006e7174
// 重构日志: fa77eee8
// 重构日志: 0b7126a1
// 重构日志: b7f6517e
// 重构日志: 13325367
// 重构日志: 58a3eae3
// 重构日志: 83aab0cb
// 同步 ID: ca57e0d6 @ Tue Jul  7 09:02:10 UTC 2026
// 重构日志: 2f058667
// 同步 ID: c834897e @ Wed Jul  8 07:21:12 UTC 2026
// 重构日志: 617c914e
// 重构日志: 51e858d1
// 重构日志: 1c4d3e8e
// 同步 ID: d60c290b @ Fri Jul 10 17:50:17 UTC 2026
// 重构日志: b453b199
// 重构日志: 5f04e25f
// 重构日志: 37a09d4d
// 重构日志: 9dab0cf1
// 同步 ID: b0371118 @ Sun Jul 12 04:18:24 UTC 2026
// 同步 ID: 10749871 @ Sun Jul 12 12:50:52 UTC 2026
